<?xml version="1.0" encoding="UTF-8"?>
<testng-results skipped="0" failed="0" total="1" passed="1">
  <reporter-output>
  </reporter-output>
  <suite name="YT" duration-ms="146" started-at="2017-09-01T02:52:26Z" finished-at="2017-09-01T02:52:26Z">
    <groups>
    </groups>
    <test name="GURU99TestNGAnt" duration-ms="146" started-at="2017-09-01T02:52:26Z" finished-at="2017-09-01T02:52:26Z">
      <class name="ant2.Testngantexample">
        <test-method status="PASS" signature="Guru99AntTestNGMethod()[pri:0, instance:ant2.Testngantexample@5d3411d]" name="Guru99AntTestNGMethod" duration-ms="82" started-at="2017-08-31T19:52:26Z" finished-at="2017-08-31T19:52:26Z">
          <reporter-output>
          </reporter-output>
        </test-method> <!-- Guru99AntTestNGMethod -->
      </class> <!-- ant2.Testngantexample -->
    </test> <!-- GURU99TestNGAnt -->
  </suite> <!-- YT -->
</testng-results>
